ctype/isalpha
ctype/isalnum
ctype/isascii
ctype/iscntrl
ctype/isdigit
ctype/islower
ctype/isprint
ctype/ispunct
ctype/isspace
ctype/isupper
ctype/isxdigit
ctype/toascii
ctype/tolower
ctype/toupper
stdio/closeall
stdio/fchkstd
stdio/fclose
stdio/feof
stdio/fgetc
stdio/fgetpos
stdio/fgets
stdio/fopen
stdio/fopen_z88
stdio/fputc
stdio/fputs
stdio/fread
stdio/freopen
stdio/freopen_z88
stdio/ftell
stdio/fwrite
stdio/gets
stdio/vfprintf_mini
stdio/printn
stdio/puts
stdio/ungetc
stdio/fabandon
stdio/aquarius/fgetc_cons
stdio/fgets_cons
stdio/aquarius/getk
stdio/spectrum/puts_cons
stdio/ansi/f_ansi
stdio/ansi/f_ansi_lf
stdio/ansi/f_ansi_putc
stdio/ansi/fputc_cons
stdio/ansi/f_ansi_dsr6
stdio/ansi/aquarius/f_ansi_attr
stdio/ansi/aquarius/f_ansi_bel
stdio/ansi/aquarius/f_ansi_char
stdio/ansi/aquarius/f_ansi_cls
stdio/ansi/aquarius/f_ansi_dline
stdio/ansi/aquarius/f_ansi_scrollup
stdlib/abs
stdlib/atoi
stdlib/labs
stdlib/atexit
stdlib/exit
stdlib/itoa
stdlib/rand
stdlib/srand
stdlib/strtol
stdlib/strtoul
strings/memset
strings/memcmp
strings/memcpy
strings/memchr
strings/reverse
strings/strcat
strings/strchr
strings/strcmp
strings/strcpy
strings/strcspn
strings/stricmp
strings/strlen
strings/strlwr
strings/strncat
strings/strncmp
strings/strncpy
strings/strnicmp
strings/strpbrk
strings/strpos
strings/strrchr
strings/strrstr
strings/strrstrip
strings/strspn
strings/strstr
strings/strstrip
strings/strtok
strings/strupr
setjmp/longjmp
setjmp/setjmp
assert/assert
printflike/printf
printflike/fprintf
printflike/sprintf
printflike/vfprintf_comp
printflike/vfprintf_fp
printflike/vsprintf
printflike/itod
printflike/itou
printflike/itox
printflike/utoi
printflike/scanf
printflike/sscanf
printflike/fscanf
printflike/vfscanf
printflike/vsscanf
graphics/circle
graphics/clg
graphics/clga
graphics/clrarea
graphics/dcircle
graphics/draw
graphics/drawb
graphics/drawr
graphics/lbitmask
graphics/lftscrol
graphics/line
graphics/liner
graphics/lscroll
graphics/plot
graphics/aquarius/textpixl
graphics/text/plotpixl
graphics/text/respixl
graphics/text/xorpixl
graphics/text/clsgraph
graphics/text/swapgfxbk
graphics/putsprite2
graphics/point
graphics/pointxy
graphics/rbitmask
graphics/rscroll
graphics/uncircle
graphics/undraw
graphics/undrawb
graphics/undrawr
graphics/unplot
graphics/drawbox
graphics/xorborder
graphics/xorplot
graphics/setxy
games/aquarius/bit_open
games/aquarius/bit_open_di
games/aquarius/bit_close
games/aquarius/bit_close_ei
games/bit_click
games/bit_play
games/bit_fx
games/bit_frequency
games/bit_beep
games/beeper
games/joystick
printflike/ltoa_any
