ctype/isalpha
ctype/isalnum
ctype/isascii
ctype/iscntrl
ctype/isdigit
ctype/isgraph
ctype/islower
ctype/isprint
ctype/ispunct
ctype/isspace
ctype/isupper
ctype/isxdigit
ctype/toascii
ctype/tolower
ctype/toupper
stdio/closeall
stdio/8080/fchkstd
stdio/8080/fclose
stdio/feof
stdio/8080/fgetc
stdio/fgetpos
stdio/fgets
stdio/fopen
stdio/fopen_z88
stdio/8080/fputc
stdio/8080/fputs
stdio/fread
stdio/freopen
stdio/freopen_z88
stdio/ftell
stdio/fwrite
stdio/gets
stdio/8080/vfprintf_mini
stdio/printk
stdio/printn
stdio/puts
stdio/8080/ungetc
stdio/8080/fabandon
stdio/cpc/fgetc_cons
stdio/fgets_cons
stdio/cpc/getk
stdio/spectrum/puts_cons
stdio/ansi/f_ansi
stdio/ansi/f_ansi_lf
stdio/ansi/f_ansi_putc
stdio/ansi/fputc_cons
stdio/ansi/puts_cons
stdio/ansi/f_ansi_dsr6
stdio/ansi/cpc/f_ansi_attr
stdio/ansi/cpc/f_ansi_bel
stdio/ansi/cpc/f_ansi_char
stdio/ansi/cpc/f_ansi_cls
stdio/ansi/cpc/f_ansi_dline
stdio/ansi/cpc/f_ansi_scrollup
stdlib/abs
stdlib/atexit
stdlib/atoi
stdlib/atol
stdlib/bpeek
stdlib/bpoke
stdlib/bpoke_callee
stdlib/delay
stdlib/div
stdlib/div_callee
stdlib/exit
stdlib/inp
stdlib/itoa
stdlib/itoa_callee
stdlib/l_bsearch
stdlib/l_bsearch_callee
stdlib/l_qsort
stdlib/l_qsort_callee
stdlib/labs
stdlib/labs_callee
stdlib/Lbsearch
stdlib/ldiv
stdlib/ldiv_callee
stdlib/Lqsort
stdlib/ltoa
stdlib/ltoa_callee
stdlib/outp
stdlib/outp_callee
stdlib/rand
stdlib/srand
stdlib/strtol
stdlib/strtol_callee
stdlib/strtoul
stdlib/swapendian
stdlib/ultoa
stdlib/ultoa_callee
stdlib/utoa
stdlib/utoa_callee
stdlib/wpeek
stdlib/wpoke
stdlib/wpoke_callee
stdlib/getopt
stdlib/sleep
strings/memchr
strings/memcmp
strings/memcpy
strings/memmove
strings/memopi
strings/memopd
strings/memops
strings/memset
strings/memswap
strings/strcat
strings/strchr
strings/strcmp
strings/strcpy
strings/strcspn
strings/stricmp
strings/strlen
strings/strlwr
strings/strncat
strings/strncmp
strings/strncpy
strings/strnicmp
strings/strpbrk
strings/strpos
strings/strrchr
strings/strrev
strings/strrstr
strings/strrstrip
strings/strspn
strings/strstr
strings/strstrip
strings/strtok
strings/strupr
strings/memchr_callee
strings/memcmp_callee
strings/memcpy_callee
strings/memmove_callee
strings/memopd_callee
strings/memopi_callee
strings/memset_callee
strings/memswap_callee
strings/strcat_callee
strings/strchr_callee
strings/strcmp_callee
strings/strcpy_callee
strings/strcspn_callee
strings/stricmp_callee
strings/strncat_callee
strings/strncmp_callee
strings/strncpy_callee
strings/strnicmp_callee
strings/strpbrk_callee
strings/strpos_callee
strings/strrchr_callee
strings/strrstr_callee
strings/strrstrip_callee
strings/strspn_callee
strings/strstr_callee
strings/strstrip_callee
strings/strtok_callee
strings/bcmp
strings/bcopy
strings/bzero
strings/index
strings/rindex
strings/strcasecmp
strings/strncasecmp
setjmp/longjmp
setjmp/setjmp
assert/assert
printflike/printf
printflike/fprintf
printflike/sprintf
printflike/vfprintf_comp
printflike/vfprintf_fp
printflike/vsprintf
printflike/itod
printflike/itou
printflike/itox
printflike/utoi
printflike/scanf
printflike/sscanf
printflike/fscanf
printflike/vfscanf
printflike/vsscanf
graphics/circle
graphics/cpc/clg
graphics/clga
graphics/clrarea
graphics/dcircle2
graphics/cpc/draw
graphics/drawb
graphics/cpc/drawr
graphics/lbitmask
graphics/lftscrol
graphics/lscroll
graphics/cpc/plot
graphics/plotpixl
graphics/point
graphics/pointxy
graphics/rbitmask
graphics/respixl
graphics/rscroll
graphics/uncircle
graphics/cpc/undraw
graphics/undrawb
graphics/cpc/undrawr
graphics/cpc/unplot
graphics/drawbox
graphics/xorborder
graphics/xorplot
graphics/xorpixl
graphics/setxy
graphics/cpc/fill
graphics/cpc/putsprite3
graphics/getsprite
graphics/bksave
graphics/bkrestore
graphics/cpc/pixladdr
graphics/cpc/swapgfxbk
graphics/clsgraph
printflike/ltoa_any
