ctype/isalpha
ctype/isalnum
ctype/isascii
ctype/iscntrl
ctype/isdigit
ctype/islower
ctype/isprint
ctype/ispunct
ctype/isspace
ctype/isupper
ctype/isxdigit
ctype/toascii
ctype/tolower
ctype/toupper
stdio/closeall
stdio/8080/fchkstd
stdio/fclose
stdio/feof
stdio/fgetc
stdio/fgetpos
stdio/fgets
stdio/fopen
stdio/fopen_z88
stdio/fputc
stdio/fputs
stdio/fread
stdio/freopen
stdio/freopen_z88
stdio/fseek
stdio/ftell
stdio/fwrite
stdio/gets
stdio/vfprintf_mini
stdio/printk
stdio/printn
stdio/puts
stdio/ungetc
stdio/fabandon
stdio/cpm/fgetc_cons
stdio/fgets_cons
stdio/cpm/getk
stdio/spectrum/puts_cons
stdio/cpm/fputc_cons
stdlib/abs
stdlib/atoi
stdlib/labs
stdlib/atexit
stdlib/exit
stdlib/getopt
stdlib/itoa
stdlib/rand
stdlib/srand
stdlib/strtol
stdlib/strtoul
strings/memset
strings/memcmp
strings/memcpy
strings/memchr
strings/reverse
strings/strcat
strings/strchr
strings/strcmp
strings/strcpy
strings/strcspn
strings/stricmp
strings/strlen
strings/strlwr
strings/strncat
strings/strncmp
strings/strncpy
strings/strnicmp
strings/strpbrk
strings/strpos
strings/strrchr
strings/strrstr
strings/strrstrip
strings/strspn
strings/strstr
strings/strstrip
strings/strtok
strings/strupr
setjmp/longjmp
setjmp/setjmp
assert/assert
printflike/printf
printflike/fprintf
printflike/sprintf
printflike/vfprintf_comp
printflike/vfprintf_fp
printflike/vsprintf
printflike/itod
printflike/itou
printflike/itox
printflike/utoi
printflike/scanf
printflike/sscanf
printflike/fscanf
printflike/vfscanf
printflike/vsscanf
graphics/circle
graphics/clg
graphics/clga
graphics/clrarea
graphics/dcircle
graphics/draw
graphics/drawb
graphics/drawr
graphics/lbitmask
graphics/lftscrol
graphics/line
graphics/liner
graphics/lscroll
graphics/plot
graphics/plotpixl
graphics/point
graphics/pointxy
graphics/rbitmask
graphics/respixl
graphics/rscroll
graphics/uncircle
graphics/undraw
graphics/undrawb
graphics/undrawr
graphics/unplot
graphics/drawbox
graphics/setxy
graphics/vz200/pixladdr
graphics/vz200/swapgfxbk
graphics/vz200/clsgraph
fcntl/cpm/bdos
fcntl/cpm/close
fcntl/cpm/creat
fcntl/cpm/getfcb
fcntl/cpm/open
fcntl/cpm/open_z88
fcntl/cpm/parsefcb
fcntl/cpm/_putoffset
fcntl/cpm/read
fcntl/cpm/readbyte
fcntl/cpm/remove
fcntl/cpm/setfcb
fcntl/cpm/write
fcntl/cpm/writebyte
printflike/ltoa_any
