graphics/circle
graphics/zx81/hr/clg
graphics/clga
graphics/clrarea
graphics/dcircle2
graphics/draw
graphics/drawb
graphics/drawr
graphics/lbitmask
graphics/lftscrol
graphics/line
graphics/liner2
graphics/lscroll
graphics/plot
graphics/plotpixl
graphics/point
graphics/pointxy
graphics/multipoint
graphics/rbitmask
graphics/respixl
graphics/rscroll
graphics/uncircle
graphics/undraw
graphics/undrawb
graphics/undrawr
graphics/unplot
graphics/drawbox
graphics/setxy
graphics/fill
graphics/dfill2
graphics/getsprite
graphics/putsprite
graphics/bksave
graphics/bkrestore
graphics/zx81/hr/pixladdr
graphics/zx81/swapgfxbk
graphics/xorborder
graphics/xorpixl
graphics/xorplot
graphics/gray/g_circle
graphics/gray/zx81/g_clg
graphics/gray/g_draw
graphics/gray/g_drawb
graphics/gray/g_drawr
graphics/gray/g_page
graphics/gray/grpage
graphics/gray/g_plot
graphics/gray/g_point
