graphics/circle
graphics/zx81/clg
graphics/clga
graphics/clrarea
graphics/dcircle2
graphics/draw
graphics/drawb
graphics/drawr
graphics/lbitmask
graphics/lftscrol
graphics/line
graphics/liner2
graphics/lscroll
graphics/plot
graphics/zx81/plotpixl
graphics/zx81/respixl
graphics/zx81/xorpixl
graphics/putsprite3
graphics/point
graphics/pointxy
graphics/multipoint
graphics/rbitmask
graphics/rscroll
graphics/uncircle
graphics/undraw
graphics/undrawb
graphics/undrawr
graphics/unplot
graphics/drawbox
graphics/setxy
graphics/xorborder
graphics/xorplot
graphics/setxy
graphics/zx81/swapgfxbk
graphics/drawbox
