ctype/isalpha
ctype/isalnum
ctype/isascii
ctype/iscntrl
ctype/isdigit
ctype/islower
ctype/isprint
ctype/ispunct
ctype/isspace
ctype/isupper
ctype/isxdigit
ctype/toascii
ctype/tolower
ctype/toupper
stdio/closeall
stdio/fchkstd
stdio/fclose
stdio/feof
stdio/fgetc
stdio/fgetpos
stdio/fgets
stdio/fopen
stdio/fopen_z88
stdio/fputc
stdio/fputs
stdio/fread
stdio/freopen
stdio/freopen_z88
stdio/ftell
stdio/fwrite
stdio/gets
stdio/vfprintf_mini
stdio/printk
stdio/printn
stdio/puts
stdio/ungetc
stdio/fabandon
stdio/nc100/fgetc_cons
stdio/fgets_cons
stdio/nc100/fputc_cons
stdio/nc100/getk
stdio/nc100/puts_cons
stdlib/abs
stdlib/atoi
stdlib/labs
stdlib/atexit
stdlib/exit
stdlib/itoa
stdlib/rand
stdlib/srand
stdlib/strtol
stdlib/strtoul
strings/memset
strings/memcmp
strings/memcpy
strings/memchr
strings/reverse
strings/strcat
strings/strchr
strings/strcmp
strings/strcpy
strings/strcspn
strings/stricmp
strings/strlen
strings/strlwr
strings/strncat
strings/strncmp
strings/strncpy
strings/strnicmp
strings/strpbrk
strings/strpos
strings/strrchr
strings/strrstr
strings/strrstrip
strings/strspn
strings/strstr
strings/strstrip
strings/strtok
strings/strupr
setjmp/longjmp
setjmp/setjmp
assert/assert
printflike/printf
printflike/fprintf
printflike/sprintf
printflike/vfprintf_comp
printflike/vfprintf_fp
printflike/vsprintf
printflike/itod
printflike/itou
printflike/itox
printflike/utoi
printflike/scanf
printflike/sscanf
printflike/fscanf
printflike/vfscanf
printflike/vsscanf
printflike/ltoa_any
