ctype/isalpha
ctype/isalnum
ctype/isascii
ctype/iscntrl
ctype/isdigit
ctype/isgraph
ctype/islower
ctype/isprint
ctype/ispunct
ctype/isspace
ctype/isupper
ctype/isxdigit
ctype/toascii
ctype/tolower
ctype/toupper
stdio/closeall
stdio/fchkstd
stdio/fclose
stdio/feof
stdio/fgetc
stdio/fgetpos
stdio/fgets
stdio/fopen
stdio/fopen_z88
stdio/fputc
stdio/fputs
stdio/fread
stdio/freopen
stdio/freopen_z88
stdio/ftell
stdio/fwrite
stdio/gets
stdio/vfprintf_mini
stdio/printk
stdio/printn
stdio/puts
stdio/ungetc
stdio/fabandon
stdio/newbrain/fgetc_cons
stdio/fgets_cons
stdio/newbrain/getk
stdio/spectrum/puts_cons
stdio/newbrain/fputc_cons
stdlib/abs
stdlib/atexit
stdlib/atoi
stdlib/atol
stdlib/bpeek
stdlib/bpoke
stdlib/bpoke_callee
stdlib/delay
stdlib/div
stdlib/div_callee
stdlib/exit
stdlib/inp
stdlib/itoa
stdlib/itoa_callee
stdlib/l_bsearch
stdlib/l_bsearch_callee
stdlib/l_qsort
stdlib/l_qsort_callee
stdlib/labs
stdlib/labs_callee
stdlib/Lbsearch
stdlib/ldiv
stdlib/ldiv_callee
stdlib/Lqsort
stdlib/ltoa
stdlib/ltoa_callee
stdlib/outp
stdlib/outp_callee
stdlib/rand
stdlib/srand
stdlib/strtol
stdlib/strtol_callee
stdlib/strtoul
stdlib/swapendian
stdlib/ultoa
stdlib/ultoa_callee
stdlib/utoa
stdlib/utoa_callee
stdlib/wpeek
stdlib/wpoke
stdlib/wpoke_callee
stdlib/getopt
stdlib/sleep
strings/memchr
strings/memcmp
strings/memcpy
strings/memmove
strings/memopi
strings/memopd
strings/memops
strings/memset
strings/memswap
strings/strcat
strings/strchr
strings/strcmp
strings/strcpy
strings/strcspn
strings/stricmp
strings/strlen
strings/strlwr
strings/strncat
strings/strncmp
strings/strncpy
strings/strnicmp
strings/strpbrk
strings/strpos
strings/strrchr
strings/strrev
strings/strrstr
strings/strrstrip
strings/strspn
strings/strstr
strings/strstrip
strings/strtok
strings/strupr
strings/memchr_callee
strings/memcmp_callee
strings/memcpy_callee
strings/memmove_callee
strings/memopd_callee
strings/memopi_callee
strings/memset_callee
strings/memswap_callee
strings/strcat_callee
strings/strchr_callee
strings/strcmp_callee
strings/strcpy_callee
strings/strcspn_callee
strings/stricmp_callee
strings/strncat_callee
strings/strncmp_callee
strings/strncpy_callee
strings/strnicmp_callee
strings/strpbrk_callee
strings/strpos_callee
strings/strrchr_callee
strings/strrstr_callee
strings/strrstrip_callee
strings/strspn_callee
strings/strstr_callee
strings/strstrip_callee
strings/strtok_callee
strings/bcmp
strings/bcopy
strings/bzero
strings/index
strings/rindex
strings/strcasecmp
strings/strncasecmp
setjmp/longjmp
setjmp/setjmp
assert/assert
printflike/printf
printflike/fprintf
printflike/sprintf
printflike/vfprintf_comp
printflike/vfprintf_fp
printflike/vsprintf
printflike/itod
printflike/itou
printflike/itox
printflike/utoi
printflike/scanf
printflike/sscanf
printflike/fscanf
printflike/vfscanf
printflike/vsscanf
printflike/ltoa_any
newbrain/zcall
newbrain/break_status
newbrain/fputc_lcd
newbrain/fputs_lcd
newbrain/warm_reset
newbrain/nb_open
newbrain/nb_close
newbrain/nb_clear
newbrain/nb_getc
newbrain/nb_gets
newbrain/nb_getblock
newbrain/nb_putc
newbrain/nb_puts
newbrain/nb_putblock
newbrain/nb_putval
time/newbrain/clock
