ctype/isalpha
ctype/isalnum
ctype/isascii
ctype/iscntrl
ctype/isdigit
ctype/isgraph
ctype/islower
ctype/isprint
ctype/ispunct
ctype/isspace
ctype/isupper
ctype/isxdigit
ctype/toascii
ctype/tolower
ctype/toupper
input/spectrum/in_GetKey
input/spectrum/in_GetKeyReset
input/spectrum/in_Inkey
input/spectrum/in_JoyFuller
input/spectrum/in_JoyKempston
input/spectrum/in_JoyKeyboard
input/spectrum/in_JoyKeyboard_fastcall
input/spectrum/in_JoySinclair1
input/spectrum/in_JoySinclair2
input/spectrum/in_JoyTimex1
input/spectrum/in_JoyTimex2
input/spectrum/in_KeyPressed
input/spectrum/in_keytranstbl
input/spectrum/in_LookupKey
input/spectrum/in_MouseAMX
input/spectrum/in_MouseAMX_callee
input/spectrum/in_MouseAMXInit
input/spectrum/in_MouseAMXInit_callee
input/spectrum/in_MouseAMXSetPos
input/spectrum/in_MouseAMXSetPos_callee
input/spectrum/in_MouseKemp
input/spectrum/in_MouseKemp_callee
input/spectrum/in_MouseKempInit
input/spectrum/in_MouseKempSetPos
input/spectrum/in_MouseKempSetPos_callee
input/spectrum/in_MouseSim
input/spectrum/in_MouseSimInit
input/spectrum/in_MouseSimSetPos
input/spectrum/in_Pause
input/spectrum/in_Wait
input/spectrum/in_WaitForKey
input/spectrum/in_WaitForNoKey
input/spectrum/INMouseAMX
input/spectrum/INMouseKemp
input/spectrum/INMouseSim
stdio/closeall
stdio/fchkstd
stdio/fclose
stdio/feof
stdio/fgetc
stdio/fgetpos
stdio/fgets
stdio/fopen
stdio/fopen_z88
stdio/fputc
stdio/fputs
stdio/fread
stdio/freopen
stdio/freopen_z88
stdio/fseek
stdio/ftell
stdio/fwrite
stdio/gets
stdio/vfprintf_mini
stdio/printk
stdio/printn
stdio/puts
stdio/ungetc
stdio/fabandon
stdio/spectrum/fgetc_cons
stdio/fgets_cons
stdio/ansi/f_ansi
stdio/ansi/f_ansi_lf
stdio/ansi/f_ansi_putc
stdio/ansi/fputc_cons
stdio/ansi/puts_cons
stdio/ansi/f_ansi_dsr6
stdio/ansi/spectrum/f_ansi_attr
stdio/ansi/spectrum/f_ansi_bel
stdio/ansi/spectrum/f_ansi_char
stdio/ansi/spectrum/f_ansi_cls
stdio/ansi/spectrum/f_ansi_dline
stdio/ansi/ts2068/f_ansi_scrollup
stdio/spectrum/getk
stdlib/abs
stdlib/atexit
stdlib/atoi
stdlib/atol
stdlib/bpeek
stdlib/bpoke
stdlib/bpoke_callee
stdlib/delay
stdlib/div
stdlib/div_callee
stdlib/exit
stdlib/inp
stdlib/itoa
stdlib/itoa_callee
stdlib/l_bsearch
stdlib/l_bsearch_callee
stdlib/l_qsort
stdlib/l_qsort_callee
stdlib/labs
stdlib/labs_callee
stdlib/Lbsearch
stdlib/ldiv
stdlib/ldiv_callee
stdlib/Lqsort
stdlib/ltoa
stdlib/ltoa_callee
stdlib/outp
stdlib/outp_callee
stdlib/rand
stdlib/srand
stdlib/strtol
stdlib/strtol_callee
stdlib/strtoul
stdlib/swapendian
stdlib/ultoa
stdlib/ultoa_callee
stdlib/utoa
stdlib/utoa_callee
stdlib/wpeek
stdlib/wpoke
stdlib/wpoke_callee
stdlib/getopt
stdlib/sleep
strings/memchr
strings/memcmp
strings/memcpy
strings/memmove
strings/memopi
strings/memopd
strings/memops
strings/memset
strings/memswap
strings/strcat
strings/strchr
strings/strcmp
strings/strcpy
strings/strcspn
strings/stricmp
strings/strlen
strings/strlwr
strings/strncat
strings/strncmp
strings/strncpy
strings/strnicmp
strings/strpbrk
strings/strpos
strings/strrchr
strings/strrev
strings/strrstr
strings/strrstrip
strings/strspn
strings/strstr
strings/strstrip
strings/strtok
strings/strupr
strings/memchr_callee
strings/memcmp_callee
strings/memcpy_callee
strings/memmove_callee
strings/memopd_callee
strings/memopi_callee
strings/memset_callee
strings/memswap_callee
strings/strcat_callee
strings/strchr_callee
strings/strcmp_callee
strings/strcpy_callee
strings/strcspn_callee
strings/stricmp_callee
strings/strncat_callee
strings/strncmp_callee
strings/strncpy_callee
strings/strnicmp_callee
strings/strpbrk_callee
strings/strpos_callee
strings/strrchr_callee
strings/strrstr_callee
strings/strrstrip_callee
strings/strspn_callee
strings/strstr_callee
strings/strstrip_callee
strings/strtok_callee
strings/bcmp
strings/bcopy
strings/bzero
strings/index
strings/rindex
strings/strcasecmp
strings/strncasecmp
time/spectrum/clock
setjmp/longjmp
setjmp/setjmp
assert/assert
printflike/printf
printflike/fprintf
printflike/sprintf
printflike/vfprintf_comp
printflike/vfprintf_fp
printflike/vsprintf
printflike/itod
printflike/itou
printflike/itox
printflike/utoi
printflike/scanf
printflike/sscanf
printflike/fscanf
printflike/vfscanf
printflike/vsscanf
graphics/circle
graphics/spectrum/clg
graphics/clga
graphics/clrarea
graphics/dcircle
graphics/draw
graphics/drawb
graphics/drawr
graphics/lbitmask
graphics/lftscrol
graphics/line
graphics/liner
graphics/lscroll
graphics/plot
graphics/plotpixl
graphics/point
graphics/pointxy
graphics/rbitmask
graphics/respixl
graphics/rscroll
graphics/uncircle
graphics/undraw
graphics/undrawb
graphics/undrawr
graphics/unplot
graphics/drawbox
graphics/setxy
graphics/fill
graphics/dfill
graphics/getsprite
graphics/spectrum/putsprite
graphics/spectrum/bksave
graphics/spectrum/bkrestore
graphics/spectrum/rowtab
graphics/spectrum/pixladdr2
graphics/spectrum/swapgfxbk
graphics/xorborder
graphics/xorplot
graphics/xorpixl
games/spectrum/joystick
games/spectrum/bit_open
games/spectrum/bit_open_di
games/spectrum/bit_close
games/spectrum/bit_close_ei
games/bit_click
games/bit_play
games/bit_fx
games/bit_fx2
games/bit_fx3
games/bit_fx4
games/bit_synth
games/bit_frequency
games/bit_beep
games/beeper
spectrum/zx_attr
spectrum/zx_attr_callee
spectrum/zx_border
spectrum/zx_screenstr
spectrum/zx_screenstr_callee
spectrum/currah_detect
spectrum/currah_direct
spectrum/currah_speech
spectrum/if1_checkblock
spectrum/if1_checksum
spectrum/if1_find_sector
spectrum/if1_find_sector_map
spectrum/if1_from_mdv
spectrum/if1_getname
spectrum/if1_init_file
spectrum/if1_installed
spectrum/if1_load_record
spectrum/if1_load_sector
spectrum/if1_remove_file
spectrum/if1_rommap
spectrum/if1_setname
spectrum/if1_touch_file
spectrum/if1_update_map
spectrum/if1_write_record
spectrum/if1_write_sector
spectrum/tape_load_block
spectrum/tape_load_block_callee
spectrum/tape_save_block
spectrum/tape_save_block_callee
spectrum/zx_128mode
spectrum/zx_aaddr2cx
spectrum/zx_aaddr2cy
spectrum/zx_aaddr2px
spectrum/zx_aaddr2py
spectrum/zx_aaddr2saddr
spectrum/zx_aaddrcdown
spectrum/zx_aaddrcleft
spectrum/zx_aaddrcright
spectrum/zx_aaddrcup
spectrum/zx_basemem
spectrum/zx_basic_length
spectrum/zx_cy2aaddr
spectrum/zx_cy2saddr
spectrum/zx_cyx2aaddr
spectrum/zx_cyx2aaddr_callee
spectrum/zx_cyx2saddr
spectrum/zx_cyx2saddr_callee
spectrum/zx_extsys
spectrum/zx_fullerstick
spectrum/zx_getint
spectrum/zx_getstr
spectrum/zx_getstr_callee
spectrum/zx_goto
spectrum/zx_iss_stick
spectrum/zx_issue3
spectrum/zx_kempston
spectrum/zx_kempstonmouse
spectrum/zx_locatenum
spectrum/zx_model
spectrum/zx_multiface
spectrum/zx_plus3fdc
spectrum/zx_printer
spectrum/zx_pxy2aaddr
spectrum/zx_pxy2aaddr_callee
spectrum/zx_pxy2saddr
spectrum/zx_pxy2saddr_callee
spectrum/zx_py2aaddr
spectrum/zx_py2saddr
spectrum/zx_saddr2aaddr
spectrum/zx_saddr2cx
spectrum/zx_saddr2cy
spectrum/zx_saddr2px
spectrum/zx_saddr2px_callee
spectrum/zx_saddr2py
spectrum/zx_saddrcdown
spectrum/zx_saddrcleft
spectrum/zx_saddrcright
spectrum/zx_saddrcup
spectrum/zx_saddrpdown
spectrum/zx_saddrpleft
spectrum/zx_saddrpleft_callee
spectrum/zx_saddrpright
spectrum/zx_saddrpright_callee
spectrum/zx_saddrpup
spectrum/zx_setint
spectrum/zx_setint_callee
spectrum/zx_setstr
spectrum/zx_setstr_callee
spectrum/zx_soundchip
spectrum/zx_timexsound
spectrum/zx_trd
spectrum/zx_type
spectrum/zx_var_length
spectrum/tape_save
spectrum/disciple/zx_disciple.asm
printflike/ltoa_any
