graphics/circle
graphics/clg
graphics/clga
graphics/z88/clrarea
graphics/clsgraph
graphics/closegfx
graphics/dcircle
graphics/draw
graphics/drawb
graphics/drawr
graphics/lbitmask
graphics/lftscrol
graphics/line
graphics/liner
graphics/lscroll
graphics/z88/pixladdr
graphics/plot
graphics/plotpixl
graphics/point
graphics/pointxy
graphics/multipoint
graphics/rbitmask
graphics/respixl
graphics/rscroll
graphics/z88/swapgfxbk
graphics/uncircle
graphics/undraw
graphics/undrawb
graphics/undrawr
graphics/unplot
graphics/window
graphics/drawbox
graphics/setxy
graphics/xorborder
graphics/xorpixl
graphics/xorplot
printflike/ltoa_any
