ctype/isalpha
ctype/isalnum
ctype/isascii
ctype/iscntrl
ctype/isdigit
ctype/islower
ctype/isprint
ctype/ispunct
ctype/isspace
ctype/isupper
ctype/isxdigit
ctype/toascii
ctype/tolower
ctype/toupper
stdio/closeall
stdio/fchkstd
stdio/fclose
stdio/feof
stdio/fgetc
stdio/fgetpos
stdio/fgets
stdio/fopen
stdio/fopen_z88
stdio/fputc
stdio/fputs
stdio/fread
stdio/freopen
stdio/freopen_z88
stdio/fseek
stdio/ftell
stdio/fwrite
stdio/gets
stdio/vfprintf_mini
stdio/printk
stdio/printn
stdio/puts
stdio/ungetc
stdio/fabandon
stdio/spectrum/fgetc_cons
stdio/fgets_cons
stdio/spectrum/fputc_cons
stdio/spectrum/getk
stdio/spectrum/puts_cons
stdlib/abs
stdlib/atoi
stdlib/labs
stdlib/atexit
stdlib/exit
stdlib/itoa
stdlib/rand
stdlib/sleep
stdlib/srand
stdlib/strtol
stdlib/strtoul
strings/memset
strings/memcmp
strings/memcpy
strings/memchr
strings/reverse
strings/strcat
strings/strchr
strings/strcmp
strings/strcpy
strings/strcspn
strings/stricmp
strings/strlen
strings/strlwr
strings/strncat
strings/strncmp
strings/strncpy
strings/strnicmp
strings/strpbrk
strings/strpos
strings/strrchr
strings/strrstr
strings/strrstrip
strings/strspn
strings/strstr
strings/strstrip
strings/strtok
strings/strupr
time/spectrum/clock
setjmp/longjmp
setjmp/setjmp
assert/assert
printflike/printf
printflike/fprintf
printflike/sprintf
printflike/vfprintf_comp
printflike/vfprintf_fp
printflike/vsprintf
printflike/itod
printflike/itou
printflike/itox
printflike/utoi
printflike/scanf
printflike/sscanf
printflike/fscanf
printflike/vfscanf
printflike/vsscanf
graphics/circle
graphics/spectrum/clg
graphics/clga
graphics/clrarea
graphics/dcircle
graphics/draw
graphics/drawb
graphics/drawr
graphics/lbitmask
graphics/lftscrol
graphics/line
graphics/liner
graphics/lscroll
graphics/plot
graphics/plotpixl
graphics/point
graphics/pointxy
graphics/rbitmask
graphics/respixl
graphics/rscroll
graphics/uncircle
graphics/undraw
graphics/undrawb
graphics/undrawr
graphics/unplot
graphics/drawbox
graphics/setxy
graphics/fill
graphics/dfill
graphics/getsprite
graphics/spectrum/putsprite
graphics/spectrum/bksave
graphics/spectrum/bkrestore
graphics/spectrum/rowtab
graphics/spectrum/pixladdr2
graphics/spectrum/swapgfxbk
graphics/xorborder
graphics/xorpixl
graphics/xorplot
games/spectrum/joystick
games/spectrum/bit_open
games/spectrum/bit_open_di
games/spectrum/bit_close
games/spectrum/bit_close_ei
games/bit_click
games/bit_play
games/bit_fx
games/bit_frequency
games/bit_beep
games/spectrum/beeper
spectrum/tape_save
spectrum/tape_save_block
spectrum/tape_load_block
spectrum/if1_rommap
spectrum/if1_write_sector
spectrum/if1_wrsect
spectrum/if1_setname
spectrum/if1_getname
spectrum/if1_checkblock
spectrum/if1_checksum
spectrum/if1_load_record
spectrum/if1_load_sector
spectrum/if1_remove_file
printflike/ltoa_any
