ctype/isalpha
ctype/isalnum
ctype/isascii
ctype/iscntrl
ctype/isdigit
ctype/isgraph
ctype/islower
ctype/isprint
ctype/ispunct
ctype/isspace
ctype/isupper
ctype/isxdigit
ctype/toascii
ctype/tolower
ctype/toupper
input/spectrum/in_GetKey
input/spectrum/in_GetKeyReset
input/zx81/in_Inkey
input/spectrum/in_JoyKeyboard
input/zx81/in_KeyPressed
input/zx81/in_keytranstbl
input/zx81/in_LookupKey
input/spectrum/in_MouseSim
input/spectrum/in_MouseSim_callee
input/spectrum/in_MouseSimInit
input/spectrum/in_MouseSimInit_fastcall
input/spectrum/in_MouseSimSetPos
input/spectrum/in_MouseSimSetPos_callee
input/spectrum/in_Pause
input/spectrum/in_Wait
input/spectrum/in_WaitForKey
input/spectrum/in_WaitForNoKey
input/zx81/INMouseSim
stdio/closeall
stdio/fchkstd
stdio/fclose
stdio/feof
stdio/fgetc
stdio/fgetpos
stdio/fgets
stdio/fopen
stdio/fopen_z88
stdio/fputc
stdio/fputs
stdio/fread
stdio/freopen
stdio/freopen_z88
stdio/fseek
stdio/ftell
stdio/fwrite
stdio/gets
stdio/vfprintf_mini
stdio/printk
stdio/printn
stdio/puts
stdio/ungetc
stdio/fabandon
stdio/zx81/fgetc_cons
stdio/fgets_cons
stdio/zx81/getk
stdio/ansi/puts_cons
stdio/ansi/f_ansi
stdio/ansi/f_ansi_lf
stdio/ansi/f_ansi_putc
stdio/ansi/fputc_cons
stdio/ansi/f_ansi_dsr6
stdio/ansi/zx81/f_ansi_attr
stdio/ansi/zx81/f_ansi_bel
stdio/ansi/zx81/f_ansi_char
stdio/ansi/zx81/f_ansi_cls
stdio/ansi/zx81/f_ansi_dline
stdio/ansi/zx81/f_ansi_scrollup
stdlib/abs
stdlib/atexit
stdlib/atoi
stdlib/atol
stdlib/bpeek
stdlib/bpoke
stdlib/bpoke_callee
stdlib/delay
stdlib/div
stdlib/div_callee
stdlib/exit
stdlib/inp
stdlib/itoa
stdlib/itoa_callee
stdlib/l_bsearch
stdlib/l_bsearch_callee
stdlib/l_qsort
stdlib/l_qsort_callee
stdlib/labs
stdlib/labs_callee
stdlib/Lbsearch
stdlib/ldiv
stdlib/ldiv_callee
stdlib/Lqsort
stdlib/ltoa
stdlib/ltoa_callee
stdlib/outp
stdlib/outp_callee
stdlib/rand
stdlib/randomize
stdlib/srand
stdlib/strtol
stdlib/strtol_callee
stdlib/strtoul
stdlib/swapendian
stdlib/ultoa
stdlib/ultoa_callee
stdlib/utoa
stdlib/utoa_callee
stdlib/wpeek
stdlib/wpoke
stdlib/wpoke_callee
stdlib/getopt
stdlib/sleep
strings/memchr
strings/memcmp
strings/memcpy
strings/memmove
strings/memopi
strings/memopd
strings/memops
strings/memset
strings/memswap
strings/strcat
strings/strchr
strings/strcmp
strings/strcpy
strings/strcspn
strings/stricmp
strings/strlen
strings/strlwr
strings/strncat
strings/strncmp
strings/strncpy
strings/strnicmp
strings/strpbrk
strings/strpos
strings/strrchr
strings/strrev
strings/strrstr
strings/strrstrip
strings/strspn
strings/strstr
strings/strstrip
strings/strtok
strings/strupr
strings/memchr_callee
strings/memcmp_callee
strings/memcpy_callee
strings/memmove_callee
strings/memopd_callee
strings/memopi_callee
strings/memset_callee
strings/memswap_callee
strings/strcat_callee
strings/strchr_callee
strings/strcmp_callee
strings/strcpy_callee
strings/strcspn_callee
strings/stricmp_callee
strings/strncat_callee
strings/strncmp_callee
strings/strncpy_callee
strings/strnicmp_callee
strings/strpbrk_callee
strings/strpos_callee
strings/strrchr_callee
strings/strrstr_callee
strings/strrstrip_callee
strings/strspn_callee
strings/strstr_callee
strings/strstrip_callee
strings/strtok_callee
strings/bcmp
strings/bcopy
strings/bzero
strings/index
strings/rindex
strings/strcasecmp
strings/strncasecmp
time/zx81/clock
setjmp/longjmp
setjmp/setjmp
assert/assert
printflike/printf
printflike/fprintf
printflike/sprintf
printflike/vfprintf_comp
printflike/vfprintf_fp
printflike/vsprintf
printflike/itod
printflike/itou
printflike/itox
printflike/utoi
printflike/scanf
printflike/sscanf
printflike/fscanf
printflike/vfscanf
printflike/vsscanf
printflike/ltoa_any
games/joystick
zx81/cnvtab
zx81/copytxt
zx81/invtxt
zx81/mirrortxt
zx81/_clg_hr
zx81/zx_basic_length.asm
zx81/zx_getstr.asm
zx81/zx_getstr_callee.asm
zx81/zx_line.asm
zx81/zx_setstr.asm
zx81/zx_setstr_callee.asm
zx81/zx_var_length.asm
zx81/zx81toasc
zx81/asctozx81
zx81/zx_ascii
zx81/ascii_zx
zx81/zx_asciimode
zx81/zx_fast
zx81/zx_slow
