blackpixel
defaultdepth
defaultscreen
displayheight
displaywidth
rootwindow
whitepixel
xchecktypedevent
xcheckwindowevent
xclearwindow
xclosedisplay
xcreatebitmapfromdata
xcreategc
xcreatesimplewindow
xdestroywindow
xdisplayname
xdrawline
xdrawpoint
xdrawrectangle
xdrawstring
xflush
xfreegc
xloadqueryfont
xmapwindow
xnextevent
xopendisplay
xselectinput
xsetdashes
xsetfont
xsetforeground
xsetlineattributes
xsetstandardproperties
xtextwidth
xunloadfont
_xfindchar
_xfputc
